<?xml version="1.0" encoding="UTF-8"?>
<coverage generated="1770998797960" clover="3.2.0">
  <project timestamp="1770998797960" name="All files">
    <metrics statements="37" coveredstatements="37" conditionals="28" coveredconditionals="26" methods="16" coveredmethods="16" elements="81" coveredelements="79" complexity="0" loc="37" ncloc="37" packages="1" files="2" classes="2"/>
    <file name="PrecoCompra.ts" path="D:\Development\Projetos-reais\bot-binance\src\core\utils\PrecoCompra.ts">
      <metrics statements="19" coveredstatements="19" conditionals="16" coveredconditionals="14" methods="8" coveredmethods="8"/>
      <line num="38" count="9" type="cond" truecount="2" falsecount="0"/>
      <line num="41" count="8" type="cond" truecount="4" falsecount="0"/>
      <line num="42" count="2" type="stmt"/>
      <line num="45" count="6" type="stmt"/>
      <line num="46" count="6" type="stmt"/>
      <line num="47" count="6" type="stmt"/>
      <line num="50" count="6" type="stmt"/>
      <line num="54" count="2" type="cond" truecount="1" falsecount="1"/>
      <line num="58" count="1" type="stmt"/>
      <line num="62" count="1" type="stmt"/>
      <line num="64" count="1" type="cond" truecount="1" falsecount="1"/>
      <line num="85" count="6" type="stmt"/>
      <line num="87" count="6" type="cond" truecount="2" falsecount="0"/>
      <line num="91" count="6" type="cond" truecount="4" falsecount="0"/>
      <line num="92" count="1" type="stmt"/>
      <line num="95" count="5" type="stmt"/>
      <line num="98" count="5" type="stmt"/>
      <line num="102" count="2" type="stmt"/>
      <line num="110" count="1" type="stmt"/>
    </file>
    <file name="PrecoVenda.ts" path="D:\Development\Projetos-reais\bot-binance\src\core\utils\PrecoVenda.ts">
      <metrics statements="18" coveredstatements="18" conditionals="12" coveredconditionals="12" methods="8" coveredmethods="8"/>
      <line num="14" count="10" type="cond" truecount="2" falsecount="0"/>
      <line num="15" count="1" type="stmt"/>
      <line num="18" count="9" type="cond" truecount="2" falsecount="0"/>
      <line num="19" count="1" type="stmt"/>
      <line num="22" count="8" type="stmt"/>
      <line num="23" count="8" type="stmt"/>
      <line num="24" count="8" type="stmt"/>
      <line num="25" count="8" type="stmt"/>
      <line num="29" count="8" type="cond" truecount="2" falsecount="0"/>
      <line num="33" count="1" type="stmt"/>
      <line num="37" count="8" type="stmt"/>
      <line num="38" count="8" type="cond" truecount="2" falsecount="0"/>
      <line num="39" count="4" type="stmt"/>
      <line num="40" count="4" type="cond" truecount="2" falsecount="0"/>
      <line num="44" count="12" type="stmt"/>
      <line num="48" count="4" type="cond" truecount="2" falsecount="0"/>
      <line num="52" count="1" type="stmt"/>
      <line num="60" count="1" type="stmt"/>
    </file>
  </project>
</coverage>
