{"D:\\Development\\Projetos-reais\\bot-binance\\src\\core\\utils\\PrecoCompra.ts": {"path":"D:\\Development\\Projetos-reais\\bot-binance\\src\\core\\utils\\PrecoCompra.ts","statementMap":{"0":{"start":{"line":38,"column":2},"end":{"line":38,"column":null}},"1":{"start":{"line":38,"column":23},"end":{"line":38,"column":null}},"2":{"start":{"line":41,"column":2},"end":{"line":43,"column":3}},"3":{"start":{"line":42,"column":3},"end":{"line":42,"column":null}},"4":{"start":{"line":45,"column":2},"end":{"line":45,"column":null}},"5":{"start":{"line":46,"column":2},"end":{"line":46,"column":null}},"6":{"start":{"line":47,"column":2},"end":{"line":47,"column":null}},"7":{"start":{"line":50,"column":2},"end":{"line":50,"column":null}},"8":{"start":{"line":54,"column":2},"end":{"line":54,"column":null}},"9":{"start":{"line":58,"column":2},"end":{"line":58,"column":null}},"10":{"start":{"line":62,"column":30},"end":{"line":62,"column":56}},"11":{"start":{"line":64,"column":2},"end":{"line":66,"column":null}},"12":{"start":{"line":85,"column":30},"end":{"line":85,"column":77}},"13":{"start":{"line":87,"column":3},"end":{"line":87,"column":76}},"14":{"start":{"line":91,"column":2},"end":{"line":93,"column":3}},"15":{"start":{"line":92,"column":3},"end":{"line":92,"column":null}},"16":{"start":{"line":95,"column":2},"end":{"line":95,"column":null}},"17":{"start":{"line":98,"column":2},"end":{"line":98,"column":null}},"18":{"start":{"line":102,"column":2},"end":{"line":102,"column":null}},"19":{"start":{"line":110,"column":2},"end":{"line":110,"column":null}}},"fnMap":{"0":{"name":"(anonymous_0)","decl":{"start":{"line":32,"column":1},"end":{"line":32,"column":null}},"loc":{"start":{"line":35,"column":28},"end":{"line":51,"column":2}}},"1":{"name":"(anonymous_1)","decl":{"start":{"line":53,"column":9},"end":{"line":53,"column":28}},"loc":{"start":{"line":53,"column":28},"end":{"line":55,"column":2}}},"2":{"name":"(anonymous_2)","decl":{"start":{"line":57,"column":9},"end":{"line":57,"column":30}},"loc":{"start":{"line":57,"column":30},"end":{"line":59,"column":2}}},"3":{"name":"(anonymous_3)","decl":{"start":{"line":61,"column":9},"end":{"line":61,"column":39}},"loc":{"start":{"line":61,"column":39},"end":{"line":67,"column":2}}},"4":{"name":"(anonymous_4)","decl":{"start":{"line":84,"column":9},"end":{"line":84,"column":17}},"loc":{"start":{"line":84,"column":17},"end":{"line":96,"column":2}}},"5":{"name":"(anonymous_5)","decl":{"start":{"line":97,"column":1},"end":{"line":97,"column":6}},"loc":{"start":{"line":97,"column":6},"end":{"line":99,"column":2}}},"6":{"name":"(anonymous_6)","decl":{"start":{"line":101,"column":1},"end":{"line":101,"column":8}},"loc":{"start":{"line":101,"column":27},"end":{"line":103,"column":2}}},"7":{"name":"(anonymous_7)","decl":{"start":{"line":105,"column":1},"end":{"line":105,"column":7}},"loc":{"start":{"line":108,"column":28},"end":{"line":111,"column":2}}}},"branchMap":{"0":{"loc":{"start":{"line":38,"column":2},"end":{"line":38,"column":null}},"type":"if","locations":[{"start":{"line":38,"column":2},"end":{"line":38,"column":null}},{"start":{},"end":{}}]},"1":{"loc":{"start":{"line":41,"column":2},"end":{"line":43,"column":3}},"type":"if","locations":[{"start":{"line":41,"column":2},"end":{"line":43,"column":3}},{"start":{},"end":{}}]},"2":{"loc":{"start":{"line":41,"column":6},"end":{"line":41,"column":56}},"type":"binary-expr","locations":[{"start":{"line":41,"column":6},"end":{"line":41,"column":29}},{"start":{"line":41,"column":33},"end":{"line":41,"column":56}}]},"3":{"loc":{"start":{"line":54,"column":9},"end":{"line":54,"column":48}},"type":"binary-expr","locations":[{"start":{"line":54,"column":9},"end":{"line":54,"column":43}},{"start":{"line":54,"column":47},"end":{"line":54,"column":48}}]},"4":{"loc":{"start":{"line":64,"column":9},"end":{"line":66,"column":24}},"type":"cond-expr","locations":[{"start":{"line":65,"column":5},"end":{"line":65,"column":56}},{"start":{"line":66,"column":5},"end":{"line":66,"column":24}}]},"5":{"loc":{"start":{"line":87,"column":4},"end":{"line":87,"column":43}},"type":"binary-expr","locations":[{"start":{"line":87,"column":4},"end":{"line":87,"column":38}},{"start":{"line":87,"column":42},"end":{"line":87,"column":43}}]},"6":{"loc":{"start":{"line":91,"column":2},"end":{"line":93,"column":3}},"type":"if","locations":[{"start":{"line":91,"column":2},"end":{"line":93,"column":3}},{"start":{},"end":{}}]},"7":{"loc":{"start":{"line":91,"column":6},"end":{"line":91,"column":76}},"type":"binary-expr","locations":[{"start":{"line":91,"column":6},"end":{"line":91,"column":30}},{"start":{"line":91,"column":34},"end":{"line":91,"column":76}}]}},"s":{"0":9,"1":1,"2":8,"3":2,"4":6,"5":6,"6":6,"7":6,"8":2,"9":1,"10":1,"11":1,"12":6,"13":6,"14":6,"15":1,"16":5,"17":5,"18":2,"19":1},"f":{"0":9,"1":2,"2":1,"3":1,"4":6,"5":5,"6":2,"7":1},"b":{"0":[1,8],"1":[2,6],"2":[8,7],"3":[2,0],"4":[1,0],"5":[6,3],"6":[1,5],"7":[6,3]}}
,"D:\\Development\\Projetos-reais\\bot-binance\\src\\core\\utils\\PrecoVenda.ts": {"path":"D:\\Development\\Projetos-reais\\bot-binance\\src\\core\\utils\\PrecoVenda.ts","statementMap":{"0":{"start":{"line":14,"column":2},"end":{"line":16,"column":3}},"1":{"start":{"line":15,"column":3},"end":{"line":15,"column":null}},"2":{"start":{"line":18,"column":2},"end":{"line":20,"column":3}},"3":{"start":{"line":19,"column":3},"end":{"line":19,"column":null}},"4":{"start":{"line":22,"column":2},"end":{"line":22,"column":null}},"5":{"start":{"line":23,"column":2},"end":{"line":23,"column":null}},"6":{"start":{"line":24,"column":2},"end":{"line":24,"column":null}},"7":{"start":{"line":25,"column":2},"end":{"line":25,"column":null}},"8":{"start":{"line":29,"column":2},"end":{"line":29,"column":null}},"9":{"start":{"line":33,"column":2},"end":{"line":33,"column":null}},"10":{"start":{"line":37,"column":22},"end":{"line":37,"column":45}},"11":{"start":{"line":38,"column":2},"end":{"line":38,"column":null}},"12":{"start":{"line":38,"column":25},"end":{"line":38,"column":null}},"13":{"start":{"line":39,"column":25},"end":{"line":39,"column":72}},"14":{"start":{"line":40,"column":2},"end":{"line":40,"column":null}},"15":{"start":{"line":44,"column":2},"end":{"line":44,"column":null}},"16":{"start":{"line":48,"column":2},"end":{"line":48,"column":null}},"17":{"start":{"line":52,"column":2},"end":{"line":52,"column":null}},"18":{"start":{"line":60,"column":2},"end":{"line":60,"column":null}}},"fnMap":{"0":{"name":"(anonymous_0)","decl":{"start":{"line":9,"column":1},"end":{"line":9,"column":null}},"loc":{"start":{"line":12,"column":28},"end":{"line":26,"column":2}}},"1":{"name":"(anonymous_1)","decl":{"start":{"line":28,"column":9},"end":{"line":28,"column":25}},"loc":{"start":{"line":28,"column":25},"end":{"line":30,"column":2}}},"2":{"name":"(anonymous_2)","decl":{"start":{"line":32,"column":1},"end":{"line":32,"column":26}},"loc":{"start":{"line":32,"column":45},"end":{"line":34,"column":2}}},"3":{"name":"(anonymous_3)","decl":{"start":{"line":36,"column":9},"end":{"line":36,"column":17}},"loc":{"start":{"line":36,"column":17},"end":{"line":41,"column":2}}},"4":{"name":"(anonymous_4)","decl":{"start":{"line":43,"column":1},"end":{"line":43,"column":6}},"loc":{"start":{"line":43,"column":6},"end":{"line":45,"column":2}}},"5":{"name":"(anonymous_5)","decl":{"start":{"line":47,"column":1},"end":{"line":47,"column":7}},"loc":{"start":{"line":47,"column":26},"end":{"line":49,"column":2}}},"6":{"name":"(anonymous_6)","decl":{"start":{"line":51,"column":1},"end":{"line":51,"column":14}},"loc":{"start":{"line":51,"column":14},"end":{"line":53,"column":2}}},"7":{"name":"(anonymous_7)","decl":{"start":{"line":55,"column":1},"end":{"line":55,"column":7}},"loc":{"start":{"line":58,"column":28},"end":{"line":61,"column":2}}}},"branchMap":{"0":{"loc":{"start":{"line":14,"column":2},"end":{"line":16,"column":3}},"type":"if","locations":[{"start":{"line":14,"column":2},"end":{"line":16,"column":3}},{"start":{},"end":{}}]},"1":{"loc":{"start":{"line":18,"column":2},"end":{"line":20,"column":3}},"type":"if","locations":[{"start":{"line":18,"column":2},"end":{"line":20,"column":3}},{"start":{},"end":{}}]},"2":{"loc":{"start":{"line":29,"column":9},"end":{"line":29,"column":49}},"type":"binary-expr","locations":[{"start":{"line":29,"column":9},"end":{"line":29,"column":44}},{"start":{"line":29,"column":48},"end":{"line":29,"column":49}}]},"3":{"loc":{"start":{"line":38,"column":2},"end":{"line":38,"column":null}},"type":"if","locations":[{"start":{"line":38,"column":2},"end":{"line":38,"column":null}},{"start":{},"end":{}}]},"4":{"loc":{"start":{"line":40,"column":9},"end":{"line":40,"column":68}},"type":"cond-expr","locations":[{"start":{"line":40,"column":40},"end":{"line":40,"column":51}},{"start":{"line":40,"column":54},"end":{"line":40,"column":68}}]},"5":{"loc":{"start":{"line":48,"column":9},"end":{"line":48,"column":55}},"type":"binary-expr","locations":[{"start":{"line":48,"column":9},"end":{"line":48,"column":25}},{"start":{"line":48,"column":29},"end":{"line":48,"column":55}}]}},"s":{"0":10,"1":1,"2":9,"3":1,"4":8,"5":8,"6":8,"7":8,"8":8,"9":1,"10":8,"11":8,"12":4,"13":4,"14":4,"15":12,"16":4,"17":1,"18":1},"f":{"0":10,"1":8,"2":1,"3":8,"4":12,"5":4,"6":1,"7":1},"b":{"0":[1,9],"1":[1,8],"2":[8,4],"3":[4,4],"4":[1,3],"5":[4,3]}}
}
