TN:
SF:src\binance\order.validator.ts
FN:11,validateAndAdjustOrder
FNF:1
FNH:1
FNDA:1,validateAndAdjustOrder
DA:16,1
DA:17,1
DA:19,1
DA:20,0
DA:23,1
DA:24,0
DA:27,1
LF:7
LH:5
BRDA:19,0,0,0
BRDA:19,0,1,1
BRDA:23,1,0,0
BRDA:23,1,1,1
BRF:4
BRH:2
end_of_record
TN:
SF:src\binance\quantity.utils.ts
FN:2,adjustQuantityToStep
FNF:1
FNH:1
FNDA:1,adjustQuantityToStep
DA:3,1
DA:4,1
LF:2
LH:2
BRF:0
BRH:0
end_of_record
TN:
SF:src\core\utils\PrecoCompra.ts
FN:32,(anonymous_0)
FN:53,(anonymous_1)
FN:57,(anonymous_2)
FN:61,(anonymous_3)
FN:84,(anonymous_4)
FN:97,(anonymous_5)
FN:101,(anonymous_6)
FN:105,(anonymous_7)
FNF:8
FNH:8
FNDA:9,(anonymous_0)
FNDA:2,(anonymous_1)
FNDA:1,(anonymous_2)
FNDA:1,(anonymous_3)
FNDA:6,(anonymous_4)
FNDA:5,(anonymous_5)
FNDA:2,(anonymous_6)
FNDA:1,(anonymous_7)
DA:38,9
DA:41,8
DA:42,2
DA:45,6
DA:46,6
DA:47,6
DA:50,6
DA:54,2
DA:58,1
DA:62,1
DA:64,1
DA:85,6
DA:87,6
DA:91,6
DA:92,1
DA:95,5
DA:98,5
DA:102,2
DA:110,1
LF:19
LH:19
BRDA:38,0,0,1
BRDA:38,0,1,8
BRDA:41,1,0,2
BRDA:41,1,1,6
BRDA:41,2,0,8
BRDA:41,2,1,7
BRDA:54,3,0,2
BRDA:54,3,1,0
BRDA:64,4,0,1
BRDA:64,4,1,0
BRDA:87,5,0,6
BRDA:87,5,1,3
BRDA:91,6,0,1
BRDA:91,6,1,5
BRDA:91,7,0,6
BRDA:91,7,1,3
BRF:16
BRH:14
end_of_record
TN:
SF:src\core\utils\PrecoVenda.ts
FN:9,(anonymous_0)
FN:28,(anonymous_1)
FN:32,(anonymous_2)
FN:36,(anonymous_3)
FN:43,(anonymous_4)
FN:47,(anonymous_5)
FN:51,(anonymous_6)
FN:55,(anonymous_7)
FNF:8
FNH:8
FNDA:10,(anonymous_0)
FNDA:8,(anonymous_1)
FNDA:1,(anonymous_2)
FNDA:8,(anonymous_3)
FNDA:12,(anonymous_4)
FNDA:4,(anonymous_5)
FNDA:1,(anonymous_6)
FNDA:1,(anonymous_7)
DA:14,10
DA:15,1
DA:18,9
DA:19,1
DA:22,8
DA:23,8
DA:24,8
DA:25,8
DA:29,8
DA:33,1
DA:37,8
DA:38,8
DA:39,4
DA:40,4
DA:44,12
DA:48,4
DA:52,1
DA:60,1
LF:18
LH:18
BRDA:14,0,0,1
BRDA:14,0,1,9
BRDA:18,1,0,1
BRDA:18,1,1,8
BRDA:29,2,0,8
BRDA:29,2,1,4
BRDA:38,3,0,4
BRDA:38,3,1,4
BRDA:40,4,0,1
BRDA:40,4,1,3
BRDA:48,5,0,4
BRDA:48,5,1,3
BRF:12
BRH:12
end_of_record
TN:
SF:src\strategy\BuyStrategy.ts
FN:9,(anonymous_0)
FN:17,(anonymous_1)
FNF:2
FNH:2
FNDA:3,(anonymous_0)
FNDA:3,(anonymous_1)
DA:10,3
DA:11,3
DA:12,3
DA:13,3
DA:14,3
DA:19,3
DA:20,0
DA:24,3
DA:25,3
DA:26,1
DA:27,1
DA:31,2
DA:32,2
DA:35,2
DA:36,1
DA:42,1
DA:43,1
DA:44,1
DA:48,0
DA:51,0
DA:53,0
DA:61,0
LF:22
LH:17
BRDA:19,0,0,0
BRDA:19,0,1,3
BRDA:25,1,0,1
BRDA:25,1,1,2
BRDA:42,2,0,1
BRDA:42,2,1,0
BRDA:42,3,0,1
BRDA:42,3,1,1
BRF:8
BRH:6
end_of_record
TN:
SF:src\strategy\SellStrategy.ts
FN:6,(anonymous_0)
FN:11,(anonymous_1)
FNF:2
FNH:2
FNDA:2,(anonymous_0)
FNDA:2,(anonymous_1)
DA:7,2
DA:8,2
DA:12,2
DA:14,1
DA:17,1
DA:18,1
DA:20,1
LF:7
LH:7
BRDA:12,0,0,1
BRDA:12,0,1,1
BRF:2
BRH:2
end_of_record
